<?xml version="1.0" encoding="UTF-8"?>
<!-- Generated by org.testng.reporters.JUnitReportReporter -->
<testsuite hostname="MSI" failures="0" tests="4" name="com.testjavasel.TestNG1" time="0.012" errors="0" timestamp="2025-02-09T18:47:20 IST" skipped="0">
  <testcase classname="com.testjavasel.TestNG1" name="t1" time="0.002"/>
  <system-out/>
  <testcase classname="com.testjavasel.TestNG1" name="T" time="0.002"/>
  <system-out/>
  <testcase classname="com.testjavasel.TestNG1" name="T1" time="0.002"/>
  <system-out/>
  <testcase classname="com.testjavasel.TestNG1" name="A" time="0.006"/>
  <system-out/>
</testsuite> <!-- com.testjavasel.TestNG1 -->
