<?xml version="1.0" encoding="UTF-8"?>
<!-- Generated by org.testng.reporters.JUnitReportReporter -->
<testsuite hostname="MSI" failures="0" tests="1" name="POM_OrangeHRM.LoginTest" time="2.886" errors="0" timestamp="2025-05-04T11:26:18 IST" skipped="0">
  <testcase classname="POM_OrangeHRM.LoginTest" name="testLogin" time="2.886"/>
  <system-out/>
</testsuite> <!-- POM_OrangeHRM.LoginTest -->
